

Started GET "/" for 127.0.0.1 at 2014-04-08 13:36:16 -0700

ActiveRecord::PendingMigrationError (Migrations are pending; run 'bin/rake db:migrate RAILS_ENV=development' to resolve this issue.):
  activerecord (4.0.4) lib/active_record/migration.rb:383:in `check_pending!'
  activerecord (4.0.4) lib/active_record/migration.rb:370:in `call'
  actionpack (4.0.4) lib/action_dispatch/middleware/callbacks.rb:29:in `block in call'
  activesupport (4.0.4) lib/active_support/callbacks.rb:373:in `_run__967738535__call__callbacks'
  activesupport (4.0.4) lib/active_support/callbacks.rb:80:in `run_callbacks'
  actionpack (4.0.4) lib/action_dispatch/middleware/callbacks.rb:27:in `call'
  actionpack (4.0.4) lib/action_dispatch/middleware/reloader.rb:64:in `call'
  actionpack (4.0.4) lib/action_dispatch/middleware/remote_ip.rb:76:in `call'
  actionpack (4.0.4) lib/action_dispatch/middleware/debug_exceptions.rb:17:in `call'
  actionpack (4.0.4) lib/action_dispatch/middleware/show_exceptions.rb:30:in `call'
  railties (4.0.4) lib/rails/rack/logger.rb:38:in `call_app'
  railties (4.0.4) lib/rails/rack/logger.rb:20:in `block in call'
  activesupport (4.0.4) lib/active_support/tagged_logging.rb:68:in `block in tagged'
  activesupport (4.0.4) lib/active_support/tagged_logging.rb:26:in `tagged'
  activesupport (4.0.4) lib/active_support/tagged_logging.rb:68:in `tagged'
  railties (4.0.4) lib/rails/rack/logger.rb:20:in `call'
  actionpack (4.0.4) lib/action_dispatch/middleware/request_id.rb:21:in `call'
  rack (1.5.2) lib/rack/methodoverride.rb:21:in `call'
  rack (1.5.2) lib/rack/runtime.rb:17:in `call'
  activesupport (4.0.4) lib/active_support/cache/strategy/local_cache.rb:83:in `call'
  rack (1.5.2) lib/rack/lock.rb:17:in `call'
  actionpack (4.0.4) lib/action_dispatch/middleware/static.rb:64:in `call'
  rack (1.5.2) lib/rack/sendfile.rb:112:in `call'
  railties (4.0.4) lib/rails/engine.rb:511:in `call'
  railties (4.0.4) lib/rails/application.rb:97:in `call'
  rack (1.5.2) lib/rack/lock.rb:17:in `call'
  rack (1.5.2) lib/rack/content_length.rb:14:in `call'
  rack (1.5.2) lib/rack/handler/webrick.rb:60:in `service'
  /home/saasbook/.rvm/rubies/ruby-2.0.0-p353/lib/ruby/2.0.0/webrick/httpserver.rb:138:in `service'
  /home/saasbook/.rvm/rubies/ruby-2.0.0-p353/lib/ruby/2.0.0/webrick/httpserver.rb:94:in `run'
  /home/saasbook/.rvm/rubies/ruby-2.0.0-p353/lib/ruby/2.0.0/webrick/server.rb:295:in `block in start_thread'


  Rendered /home/saasbook/.rvm/gems/ruby-2.0.0-p353@railstutorial_rails_4_0/gems/actionpack-4.0.4/lib/action_dispatch/middleware/templates/rescues/_source.erb (2.0ms)
  Rendered /home/saasbook/.rvm/gems/ruby-2.0.0-p353@railstutorial_rails_4_0/gems/actionpack-4.0.4/lib/action_dispatch/middleware/templates/rescues/_trace.erb (2.1ms)
  Rendered /home/saasbook/.rvm/gems/ruby-2.0.0-p353@railstutorial_rails_4_0/gems/actionpack-4.0.4/lib/action_dispatch/middleware/templates/rescues/_request_and_response.erb (33.9ms)
  Rendered /home/saasbook/.rvm/gems/ruby-2.0.0-p353@railstutorial_rails_4_0/gems/actionpack-4.0.4/lib/action_dispatch/middleware/templates/rescues/diagnostics.erb within rescues/layout (105.1ms)
  [1m[36m (69.8ms)[0m  [1mCREATE TABLE "schema_migrations" ("version" varchar(255) NOT NULL) [0m
  [1m[35m (7.8ms)[0m  CREATE UNIQUE INDEX "unique_schema_migrations" ON "schema_migrations" ("version")
  [1m[36mActiveRecord::SchemaMigration Load (0.4ms)[0m  [1mSELECT "schema_migrations".* FROM "schema_migrations"[0m
Migrating to CreateUsers (20140408203542)
  [1m[35m (0.1ms)[0m  begin transaction
  [1m[36m (0.6ms)[0m  [1mCREATE TABLE "users" ("id" INTEGER PRIMARY KEY AUTOINCREMENT NOT NULL, "name" varchar(255), "email" varchar(255), "created_at" datetime, "updated_at" datetime) [0m
  [1m[35mSQL (0.4ms)[0m  INSERT INTO "schema_migrations" ("version") VALUES (?)  [["version", "20140408203542"]]
  [1m[36m (19.0ms)[0m  [1mcommit transaction[0m
  [1m[35mActiveRecord::SchemaMigration Load (0.1ms)[0m  SELECT "schema_migrations".* FROM "schema_migrations"


Started GET "/" for 127.0.0.1 at 2014-04-08 13:36:45 -0700
  [1m[36mActiveRecord::SchemaMigration Load (0.0ms)[0m  [1mSELECT "schema_migrations".* FROM "schema_migrations"[0m
Processing by Rails::WelcomeController#index as HTML
  Rendered /home/saasbook/.rvm/gems/ruby-2.0.0-p353@railstutorial_rails_4_0/gems/railties-4.0.4/lib/rails/templates/rails/welcome/index.html.erb (1.8ms)
Completed 200 OK in 124ms (Views: 20.7ms | ActiveRecord: 0.0ms)


Started GET "/users/new" for 127.0.0.1 at 2014-04-08 13:36:50 -0700
Processing by UsersController#new as HTML
  Rendered users/_form.html.erb (174.2ms)
  Rendered users/new.html.erb within layouts/application (232.1ms)
Completed 200 OK in 2139ms (Views: 2133.7ms | ActiveRecord: 0.8ms)


Started GET "/assets/application.css?body=1" for 127.0.0.1 at 2014-04-08 13:36:52 -0700


Started GET "/assets/scaffolds.css?body=1" for 127.0.0.1 at 2014-04-08 13:36:52 -0700


Started GET "/assets/jquery.js?body=1" for 127.0.0.1 at 2014-04-08 13:36:52 -0700


Started GET "/assets/users.css?body=1" for 127.0.0.1 at 2014-04-08 13:36:52 -0700


Started GET "/assets/jquery_ujs.js?body=1" for 127.0.0.1 at 2014-04-08 13:36:52 -0700


Started GET "/assets/turbolinks.js?body=1" for 127.0.0.1 at 2014-04-08 13:36:52 -0700


Started GET "/assets/application.js?body=1" for 127.0.0.1 at 2014-04-08 13:36:52 -0700


Started GET "/assets/users.js?body=1" for 127.0.0.1 at 2014-04-08 13:36:52 -0700


Started POST "/users" for 127.0.0.1 at 2014-04-08 13:37:03 -0700
Processing by UsersController#create as HTML
  Parameters: {"utf8"=>"✓", "authenticity_token"=>"cPRR1BuSYuCDt+WYFiFv1ED9WclUcC2O+oJXkU1dWKs=", "user"=>{"name"=>"Bob Dole", "email"=>"bobdole@gmail.com"}, "commit"=>"Create User"}
  [1m[35m (0.9ms)[0m  begin transaction
  [1m[36mSQL (86.6ms)[0m  [1mINSERT INTO "users" ("created_at", "email", "name", "updated_at") VALUES (?, ?, ?, ?)[0m  [["created_at", Tue, 08 Apr 2014 20:37:03 UTC +00:00], ["email", "bobdole@gmail.com"], ["name", "Bob Dole"], ["updated_at", Tue, 08 Apr 2014 20:37:03 UTC +00:00]]
  [1m[35m (45.2ms)[0m  commit transaction
Redirected to http://localhost:3000/users/1
Completed 302 Found in 233ms (ActiveRecord: 132.7ms)


Started GET "/users/1" for 127.0.0.1 at 2014-04-08 13:37:03 -0700
Processing by UsersController#show as HTML
  Parameters: {"id"=>"1"}
  [1m[36mUser Load (0.6ms)[0m  [1mSELECT "users".* FROM "users" WHERE "users"."id" = ? LIMIT 1[0m  [["id", "1"]]
  Rendered users/show.html.erb within layouts/application (2.1ms)
Completed 200 OK in 30ms (Views: 14.8ms | ActiveRecord: 0.6ms)


Started GET "/assets/scaffolds.css?body=1" for 127.0.0.1 at 2014-04-08 13:37:03 -0700


Started GET "/assets/users.css?body=1" for 127.0.0.1 at 2014-04-08 13:37:03 -0700


Started GET "/assets/users.js?body=1" for 127.0.0.1 at 2014-04-08 13:37:03 -0700


Started GET "/users/1" for 127.0.0.1 at 2014-04-08 13:42:03 -0700
Processing by UsersController#show as HTML
  Parameters: {"id"=>"1"}
  [1m[35mUser Load (0.2ms)[0m  SELECT "users".* FROM "users" WHERE "users"."id" = ? LIMIT 1  [["id", "1"]]
  Rendered users/show.html.erb within layouts/application (1.0ms)
Completed 200 OK in 36ms (Views: 10.9ms | ActiveRecord: 0.2ms)


Started GET "/assets/application.css?body=1" for 127.0.0.1 at 2014-04-08 13:42:03 -0700


Started GET "/assets/scaffolds.css?body=1" for 127.0.0.1 at 2014-04-08 13:42:03 -0700


Started GET "/assets/users.css?body=1" for 127.0.0.1 at 2014-04-08 13:42:03 -0700


Started GET "/assets/users.js?body=1" for 127.0.0.1 at 2014-04-08 13:42:03 -0700


Started GET "/assets/application.js?body=1" for 127.0.0.1 at 2014-04-08 13:42:03 -0700


Started GET "/users" for 127.0.0.1 at 2014-04-08 13:42:07 -0700
Processing by UsersController#index as HTML
  [1m[36mUser Load (0.7ms)[0m  [1mSELECT "users".* FROM "users"[0m
  Rendered users/index.html.erb within layouts/application (10.7ms)
Completed 200 OK in 20ms (Views: 18.1ms | ActiveRecord: 0.7ms)


Started GET "/assets/scaffolds.css?body=1" for 127.0.0.1 at 2014-04-08 13:42:07 -0700


Started GET "/assets/users.js?body=1" for 127.0.0.1 at 2014-04-08 13:42:07 -0700


Started GET "/assets/application.js?body=1" for 127.0.0.1 at 2014-04-08 13:42:07 -0700


Started GET "/assets/application.css?body=1" for 127.0.0.1 at 2014-04-08 13:42:07 -0700


Started GET "/assets/users.css?body=1" for 127.0.0.1 at 2014-04-08 13:42:07 -0700


Started GET "/users/new" for 127.0.0.1 at 2014-04-08 13:42:12 -0700
Processing by UsersController#new as HTML
  Rendered users/_form.html.erb (16.3ms)
  Rendered users/new.html.erb within layouts/application (23.2ms)
Completed 200 OK in 40ms (Views: 38.4ms | ActiveRecord: 0.0ms)


Started GET "/assets/application.css?body=1" for 127.0.0.1 at 2014-04-08 13:42:12 -0700


Started GET "/assets/scaffolds.css?body=1" for 127.0.0.1 at 2014-04-08 13:42:12 -0700


Started GET "/assets/users.css?body=1" for 127.0.0.1 at 2014-04-08 13:42:12 -0700


Started GET "/assets/users.js?body=1" for 127.0.0.1 at 2014-04-08 13:42:12 -0700


Started GET "/assets/application.js?body=1" for 127.0.0.1 at 2014-04-08 13:42:12 -0700
